C51 COMPILER V9.02   LCD1602                                                               05/16/2015 21:09:42 PAGE 1   


C51 COMPILER V9.02, COMPILATION OF MODULE LCD1602
OBJECT MODULE PLACED IN Lcd1602.OBJ
COMPILER INVOKED BY: E:\software\keil\C51\BIN\C51.EXE Lcd1602.c BROWSE DEBUG OBJECTEXTEND

line level    source

   1          #include<reg51.h>
   2          #include<intrins.h>
   3          #define LCD1602_DB P0
   4          sbit LCD1602_RS=P1^0;   //请根据实际情况修改
   5          sbit LCD1602_RW=P1^1;
   6          sbit LCD1602_E=P1^5;
   7          typedef unsigned char uint8;
   8          typedef unsigned int uint16;
   9          void Delay5ms()         //@11.0592MHz
  10          {
  11   1              unsigned char i, j;
  12   1      
  13   1              i = 54;
  14   1              j = 199;
  15   1              do
  16   1              {
  17   2                      while (--j);
  18   2              } while (--i);
  19   1      }
  20          void LCD1602_Wait()
  21          {
  22   1              uint8 a;
  23   1              LCD1602_RS=0;
  24   1              LCD1602_RW=1;
  25   1              LCD1602_DB=0xFF;
  26   1              do
  27   1              {
  28   2                      LCD1602_E=1;
  29   2                      a=LCD1602_DB;
  30   2                      LCD1602_E=0;
  31   2              }while(a&0x80);
  32   1      }
  33          void LCD1602_WriteData(uint8 dat)
  34          {
  35   1              LCD1602_Wait();
  36   1              LCD1602_RW=0;
  37   1              LCD1602_RS=1;
  38   1              LCD1602_DB=dat;
  39   1              LCD1602_E=1;
  40   1              LCD1602_E=0;
  41   1      }
  42          void LCD1602_WriteCMD(uint8 cmd)
  43          {
  44   1              LCD1602_Wait();
  45   1              LCD1602_RW=0;
  46   1              LCD1602_RS=0;
  47   1              LCD1602_DB=cmd;
  48   1              LCD1602_E=1;
  49   1              LCD1602_E=0;
  50   1      }
  51          void LCD1602_Clear()
  52          {
  53   1              LCD1602_WriteCMD(0x01);
  54   1      }
  55          void LCD1602_SetLocation(uint8 x,uint8 y)
C51 COMPILER V9.02   LCD1602                                                               05/16/2015 21:09:42 PAGE 2   

  56          {
  57   1              uint8 temp;
  58   1              if(y==1)temp=0x40;
  59   1              else temp=0x00;
  60   1              temp+=x;
  61   1              LCD1602_WriteCMD(temp|0x80);
  62   1      }
  63          void LCD1602_AreaClear(uint8 x,uint8 y,uint8 len)
  64          {
  65   1              LCD1602_SetLocation(x,y);
  66   1              while(len--)
  67   1              {
  68   2                      LCD1602_WriteData(' ');
  69   2              }
  70   1      }
  71          void LCD1602_Show(uint8 x,uint8 y,uint8 *dat,uint8 len)
  72          {
  73   1              LCD1602_SetLocation(x,y);
  74   1              while(len--)
  75   1              {
  76   2                      LCD1602_WriteData(*dat++);
  77   2              }
  78   1      }
  79          void LCD1602_ShowCursor()
  80          {
  81   1          LCD1602_WriteCMD(0x0F);
  82   1      }
  83          void LCD1602_CloseCursor()
  84          {
  85   1          LCD1602_WriteCMD(0x0C);
  86   1      }
  87          void LCD1602_Init()
  88          {
  89   1              LCD1602_WriteCMD(0x38);
  90   1              Delay5ms();
  91   1              LCD1602_WriteCMD(0x38);
  92   1              Delay5ms();
  93   1              LCD1602_WriteCMD(0x38);
  94   1              Delay5ms();
  95   1              LCD1602_WriteCMD(0x38);
  96   1              LCD1602_WriteCMD(0x0C);
  97   1              LCD1602_WriteCMD(0x06);
  98   1              LCD1602_WriteCMD(0x01);
  99   1      }


MODULE INFORMATION:   STATIC OVERLAYABLE
   CODE SIZE        =    183    ----
   CONSTANT SIZE    =   ----    ----
   XDATA SIZE       =   ----    ----
   PDATA SIZE       =   ----    ----
   DATA SIZE        =   ----       6
   IDATA SIZE       =   ----    ----
   BIT SIZE         =   ----    ----
END OF MODULE INFORMATION.


C51 COMPILATION COMPLETE.  0 WARNING(S),  0 ERROR(S)
