C51 COMPILER V9.02   UART                                                                  05/16/2015 21:09:42 PAGE 1   


C51 COMPILER V9.02, COMPILATION OF MODULE UART
OBJECT MODULE PLACED IN UART.OBJ
COMPILER INVOKED BY: E:\software\keil\C51\BIN\C51.EXE UART.c BROWSE DEBUG OBJECTEXTEND

line level    source

   1          #include<reg51.h>
   2          #include<UART.h>
   3          
   4          #ifndef UART_BUFF_MAX
              #define UART_BUFF_MAX 64
              #endif // ûжBUFFMAXĬΪ64
   7          
   8          #ifndef XTAL
              #define XTAL 11.059200
              #endif //ûж徧ƵʣĬΪ11.0592M
  11          
  12          extern void UART_Action(unsigned char *dat, unsigned char len);
  13          //˺бдһַԶ
  14          sfr AUXR  = 0x8E; 
  15          //Auxiliary Register  T0x12 T1x12 UART_M0x6 BRTR S2SMOD BRTx12 EXTRAM S1BRS  0000,0000
  16          
  17          unsigned char pdata UART_Buff[UART_BUFF_MAX];     //ڽջ
  18          unsigned char UART_BuffIndex = 0;           //ڽջǰλ
  19          
  20          bit UART_SendFlag;                          //ڷɱ־
  21          bit UART_ResiveFlag;                        //ڽɱ־
  22          bit UART_ResiveStringEndFlag;               //ַȫɱ־
  23          bit UART_ResiveStringFlag;                  //ַڽձ־
  24          
  25          /*///////////////////////////////////////////////////////////////////////////////////
  26          *UART_Conf
  27          *ܣô
  28          *б
  29          *   baud
  30          *       ͣunsigned char
  31          *       ҪõĲ
  32          *ֵ
  33          *汾1.0
  34          *ߣ
  35          *ڣ2014129
  36          *////////////////////////////////////////////////////////////////////////////////////
  37          void UART_Conf(unsigned int baud) //UARTúbuadõĲʣ
  38          {
  39   1              AUXR &= 0xBF;           //ʱ1ʱΪFosc/12,12T
  40   1              AUXR &= 0xFE;           //1ѡʱ1Ϊʷ
  41   1              TL1 = TH1 = 256 - XTAL * 1000000 / 12 / 32 / baud;    //㶨ʱֵ
  42   1              EA = 1;         //ʹж
  43   1              ES = 1;         //ʹܴж
  44   1              TMOD &= 0X0F;   //öʱ1ΪԶװģʽ
  45   1              TMOD |= 0X20;
  46   1              SCON = 0X50;    //ôڹģʽ
  47   1              TR1 = 1;        //ʹܶʱ1
  48   1      }
  49          /*///////////////////////////////////////////////////////////////////////////////////
  50          *UART_SendString
  51          *ܣ򴮿ڷһַ
  52          *б
  53          *   *dat
  54          *       ͣunsigned charָ
  55          *       Ҫ͵ַ׵ַ
C51 COMPILER V9.02   UART                                                                  05/16/2015 21:09:42 PAGE 2   

  56          *   len
  57          *       ͣunsigned char
  58          *       Ҫ͵ַĳ
  59          *ֵ
  60          *汾1.0
  61          *ߣ
  62          *ڣ2014129
  63          *////////////////////////////////////////////////////////////////////////////////////
  64          void UART_SendString(unsigned char *dat, unsigned char len)
  65          {
  66   1              while(len)
  67   1              {
  68   2                      len --;                     //ÿһλȼ1
  69   2                      SBUF = *dat;                //һλ
  70   2                      dat ++;                     //ָһλ
  71   2                      while(! UART_SendFlag);     //ȴڷɱ־
  72   2                      UART_SendFlag = 0;          //մڷɱ־
  73   2              }
  74   1      }
  75          /*///////////////////////////////////////////////////////////////////////////////////
  76          *UART_Read
  77          *ܣݴеݶȡ
  78          *б
  79          *   *to
  80          *       ͣunsigned charָ
  81          *       洢յַλ
  82          *   len
  83          *       ͣunsigned char
  84          *       Ҫȡַĳ
  85          *ֵunsigned charݣַʵʳ
  86          *汾1.0
  87          *ߣ
  88          *ڣ2014129
  89          *////////////////////////////////////////////////////////////////////////////////////
  90          unsigned char UART_Read(unsigned char *to, unsigned char len)
  91          {
  92   1              unsigned char i;
  93   1              if(UART_BuffIndex < len)len = UART_BuffIndex;   //ȡǰݵλ
  94   1              for(i = 0;i < len;i ++)                         //ݵĿ
  95   1                      {
  96   2                              *to = UART_Buff[i];
  97   2                              to ++;
  98   2                      }
  99   1              UART_BuffIndex = 0;                             //մڽջǰλ
 100   1              return len;
 101   1      }
 102          /*///////////////////////////////////////////////////////////////////////////////////
 103          *UART_Driver
 104          *ܣͨżغѭеá
 105          *           յַԶбдUART_Action(unsigned char *dat,unsigned char len)
 106          *б
 107          *   
 108          *ֵ
 109          *汾1.0
 110          *ߣ
 111          *ڣ2014129
 112          *////////////////////////////////////////////////////////////////////////////////////
 113          void UART_Driver()//
 114          {
 115   1              unsigned char pdata dat[UART_BUFF_MAX];       //ݴ
 116   1              unsigned char len;                      //ݵĳ
 117   1              if(UART_ResiveStringEndFlag)            //ڽյһַ
C51 COMPILER V9.02   UART                                                                  05/16/2015 21:09:42 PAGE 3   

 118   1                      {
 119   2                              UART_ResiveStringEndFlag = 0;   //սɱ־
 120   2                              len = UART_Read(dat, UART_BUFF_MAX);  //ݴԭõݵĳ
 121   2                              UART_Action(dat, len);          //ûдUART_ActionյݼݳΪ
 122   2                      }
 123   1      }
 124          /*///////////////////////////////////////////////////////////////////////////////////
 125          *UART_RxMonitor
 126          *ܣַսжϣڶʱ0жϺе
 127          *б
 128          *   ms
 129          *       ͣunsigned char
 130          *       ʱʱʱλms
 131          *ֵ
 132          *汾1.0
 133          *ߣ
 134          *ڣ2014129
 135          *////////////////////////////////////////////////////////////////////////////////////
 136          void UART_RxMonitor(unsigned char ms)
 137          {
 138   1              static unsigned char ms30 = 0;                  //30ʱ
 139   1              static unsigned char UART_BuffIndex_Backup;     //ݴλñ
 140   1              if(! UART_ResiveStringFlag)return ;             //ǰûڽݣֱ˳
 141   1          ms30 += ms;                                     //ÿһζʱжϣʾʱȥɺ
 142   1              if(UART_BuffIndex_Backup != UART_BuffIndex)     //ݴλñݲڴڽջǰλ
             -ãյλ
 143   1              {
 144   2                      UART_BuffIndex_Backup = UART_BuffIndex;     //¼ǰĴڽջλ
 145   2                      ms30 = 0;                                   //λ30ʱ
 146   2              }
 147   1              if(ms30 > 30)                                   //30뵽
 148   1                      {
 149   2                              ms30 = 0;                               //λ30ʱ
 150   2                              UART_ResiveStringEndFlag = 1;           //ôַȫɱ־
 151   2                              UART_ResiveStringFlag = 0;              //մַڽձ־
 152   2                      }
 153   1      }
 154          /*///////////////////////////////////////////////////////////////////////////////////
 155          *interrupt_UART
 156          *ܣжϺ
 157          *б
 158          *   
 159          *ֵ
 160          *汾1.0
 161          *ߣ
 162          *ڣ2014129
 163          *////////////////////////////////////////////////////////////////////////////////////
 164          void interrupt_UART() interrupt 4
 165          {
 166   1              if(TI)                                  //ڷ
 167   1              {
 168   2                      TI = 0;                             //ϵͳ־λ
 169   2                      UART_SendFlag = 1;                  //ôڷɱ־
 170   2              }
 171   1              if(RI)                                  //ڽ
 172   1              {
 173   2                      RI = 0;                             //ϵͳ־λ
 174   2                      UART_ResiveFlag = 1;                //ôڽɱ־
 175   2                      UART_Buff[UART_BuffIndex] = SBUF;   //յݷŵݴ
 176   2                      UART_ResiveStringFlag = 1;          //ôַڽձ־
 177   2                      UART_BuffIndex ++;                  //ڽջǰλ
 178   2              }
C51 COMPILER V9.02   UART                                                                  05/16/2015 21:09:42 PAGE 4   

 179   1      }


MODULE INFORMATION:   STATIC OVERLAYABLE
   CODE SIZE        =    239    ----
   CONSTANT SIZE    =   ----    ----
   XDATA SIZE       =   ----    ----
   PDATA SIZE       =     64      64
   DATA SIZE        =      3    ----
   IDATA SIZE       =   ----    ----
   BIT SIZE         =      4    ----
END OF MODULE INFORMATION.


C51 COMPILATION COMPLETE.  0 WARNING(S),  0 ERROR(S)
